2026-05-01 19:39:30,679 - RT_ObjectDetection - INFO - Initializing DataLoader...
2026-05-01 19:39:30,680 - RT_ObjectDetection - ERROR - Dataset path data/dataset does not exist.
2026-05-01 19:39:30,680 - RT_ObjectDetection - WARNING - Dataset not found. Please place dataset in data/dataset/train. Exiting gracefully for scaffolding.
2026-05-01 19:41:02,044 - RT_ObjectDetection - INFO - Initializing DataLoader...
2026-05-01 19:41:02,044 - RT_ObjectDetection - ERROR - Dataset path data/dataset does not exist.
2026-05-01 19:41:02,044 - RT_ObjectDetection - WARNING - Dataset not found. Please place dataset in data/dataset/train. Exiting gracefully for scaffolding.
2026-05-02 00:53:32,493 - RT_ObjectDetection - INFO - Initializing Object Detection Pipeline (YOLOv8)...
2026-05-02 00:53:48,687 - RT_ObjectDetection - ERROR - Roboflow API key not set in config.yaml!
2026-05-02 00:53:48,687 - RT_ObjectDetection - ERROR - Failed to prepare detection dataset: Please provide a valid Roboflow API key in configs/config.yaml
2026-05-02 00:57:00,595 - RT_ObjectDetection - INFO - Initializing Object Detection Pipeline (YOLOv8)...
2026-05-02 00:57:22,220 - RT_ObjectDetection - INFO - Using built-in dataset coco8.yaml. Ultralytics will auto-download.
2026-05-02 00:57:29,256 - RT_ObjectDetection - INFO - Starting YOLOv8 training on coco8.yaml
2026-05-02 00:58:12,228 - RT_ObjectDetection - INFO - Initializing Object Detection Pipeline (YOLOv8)...
2026-05-02 00:58:28,440 - RT_ObjectDetection - INFO - Using built-in dataset coco8.yaml. Ultralytics will auto-download.
2026-05-02 00:58:28,655 - RT_ObjectDetection - INFO - Starting YOLOv8 training on coco8.yaml
2026-05-02 00:59:28,241 - RT_ObjectDetection - INFO - YOLOv8 Training complete. Best model saved to exports/yolov8_run.
2026-05-02 00:59:52,464 - RT_ObjectDetection - INFO - YOLOv8 Training complete. Best model saved to exports/yolov8_run.
2026-05-02 20:43:11,791 - RT_ObjectDetection - INFO - Initializing Object Detection Pipeline (YOLOv8)...
2026-05-02 20:43:27,850 - RT_ObjectDetection - INFO - Using built-in dataset coco8.yaml. Ultralytics will auto-download.
2026-05-02 20:43:28,035 - RT_ObjectDetection - INFO - Starting YOLOv8 training on coco8.yaml
2026-05-02 20:44:07,709 - RT_ObjectDetection - INFO - YOLOv8 Training complete. Best model saved to exports/yolov8_run.
